android/app/build/intermediates/manifest_merge_blame_file/debug/manifest-merger-blame-debug-report.txt
1<?xml version="1.0" encoding="utf-8"?>
2<!--
3    Copyright 2019 Google Inc. All Rights Reserved.
4
5     Licensed under the Apache License, Version 2.0 (the "License");
6     you may not use this file except in compliance with the License.
7     You may obtain a copy of the License at
8
9         http://www.apache.org/licenses/LICENSE-2.0
10
11     Unless required by applicable law or agreed to in writing, software
12     distributed under the License is distributed on an "AS IS" BASIS,
13     WITHOUT WARRANTIES OR CONDITIONS OF ANY KIND, either express or implied.
14     See the License for the specific language governing permissions and
15     limitations under the License.
16-->
17<!--
18 The "package" attribute is rewritten by the Gradle build with the value of applicationId.
19     It is still required here, as it is used to derive paths, for instance when referring
20     to an Activity by ".MyActivity" instead of the full name. If more Activities are added to the
21     application, the package attribute will need to reflect the correct path in order to use
22     the abbreviated format.
23-->
24<manifest xmlns:android="http://schemas.android.com/apk/res/android"
25    package="pl.maliwspaniali.app"
26    android:versionCode="1"
27    android:versionName="1.0" >
28
29    <uses-sdk
30        android:minSdkVersion="16"
30-->src\main\AndroidManifest.xml
31        android:targetSdkVersion="28" />
31-->src\main\AndroidManifest.xml
32
33    <application
34        android:allowBackup="true"
34-->src\main\AndroidManifest.xml:26:9-35
35        android:debuggable="true"
36        android:icon="@mipmap/ic_launcher"
36-->src\main\AndroidManifest.xml:27:9-43
37        android:label="Mali wspaniali"
37-->src\main\AndroidManifest.xml:28:9-40
38        android:supportsRtl="true"
38-->src\main\AndroidManifest.xml:29:9-35
39        android:testOnly="true"
40        android:theme="@style/Theme.TwaSplash" >
40-->src\main\AndroidManifest.xml:30:9-47
41        <meta-data
42            android:name="asset_statements"
42-->src\main\AndroidManifest.xml:33:13-44
43            android:value="[{ &quot;relation&quot;: [&quot;delegate_permission/common.handle_all_urls&quot;], &quot;target&quot;: {&quot;namespace&quot;: &quot;web&quot;, &quot;site&quot;: &quot;https://maliwspaniali.pl&quot;}}]" />
43-->src\main\AndroidManifest.xml:34:13-47
44
45        <activity
46            android:name="android.support.customtabs.trusted.LauncherActivity"
46-->src\main\AndroidManifest.xml:36:19-85
47            android:label="Mali wspaniali" >
47-->src\main\AndroidManifest.xml:37:13-44
48            <meta-data
49                android:name="android.support.customtabs.trusted.DEFAULT_URL"
49-->src\main\AndroidManifest.xml:38:24-85
50                android:value="https://maliwspaniali.pl" />
50-->src\main\AndroidManifest.xml:39:17-46
51            <meta-data
51-->src\main\AndroidManifest.xml:41:13-43:58
52                android:name="android.support.customtabs.trusted.STATUS_BAR_COLOR"
52-->src\main\AndroidManifest.xml:42:17-83
53                android:resource="@color/colorPrimary" />
53-->src\main\AndroidManifest.xml:43:17-55
54
55            <intent-filter>
55-->src\main\AndroidManifest.xml:45:13-48:29
56                <action android:name="android.intent.action.MAIN" />
56-->src\main\AndroidManifest.xml:46:17-69
56-->src\main\AndroidManifest.xml:46:25-66
57
58                <category android:name="android.intent.category.LAUNCHER" />
58-->src\main\AndroidManifest.xml:47:17-77
58-->src\main\AndroidManifest.xml:47:27-74
59            </intent-filter>
60            <intent-filter>
60-->src\main\AndroidManifest.xml:50:13-56:29
61                <action android:name="android.intent.action.VIEW" />
61-->src\main\AndroidManifest.xml:51:17-68
61-->src\main\AndroidManifest.xml:51:25-66
62
63                <category android:name="android.intent.category.DEFAULT" />
63-->src\main\AndroidManifest.xml:52:17-76
63-->src\main\AndroidManifest.xml:52:27-73
64                <category android:name="android.intent.category.BROWSABLE" />
64-->src\main\AndroidManifest.xml:53:17-77
64-->src\main\AndroidManifest.xml:53:27-75
65
66                <data
67                    android:host="maliwspaniali.pl"
67-->src\main\AndroidManifest.xml:55:21-47
68                    android:scheme="https" />
68-->src\main\AndroidManifest.xml:54:23-45
69            </intent-filter>
70        </activity>
71    </application>
72
73</manifest>